<?xml version="1.0" encoding="UTF-8"?>
<!-- Generated by org.testng.reporters.JUnitReportReporter -->
<testsuite hostname="INLEN8520024218" failures="0" tests="4" name="test.VerifyGetMethod" time="8.775" errors="0" timestamp="2022-06-17T18:39:47 IST" skipped="1">
  <testcase classname="test.VerifyGetMethod" name="TestPostMethod1" time="2.357"/>
  <testcase classname="test.VerifyGetMethod" name="getMethod" time="2.923"/>
  <testcase classname="test.VerifyGetMethod" name="TestGetMethod" time="3.495"/>
  <testcase classname="test.VerifyGetMethod" name="TestDeleteMethod">
    <skipped/>
  </testcase> <!-- TestDeleteMethod -->
</testsuite> <!-- test.VerifyGetMethod -->
