<?xml version="1.0" encoding="UTF-8"?>
<!-- Generated by org.testng.reporters.JUnitReportReporter -->
<testsuite hostname="INLEN8520024218" failures="0" tests="1" name="apiutils.CreateAPI" time="3.372" errors="0" timestamp="2022-06-14T13:56:06 IST" skipped="0">
  <testcase classname="apiutils.CreateAPI" name="getMethod" time="3.372"/>
</testsuite> <!-- apiutils.CreateAPI -->
