<?xml version="1.0" encoding="UTF-8"?>
<!-- Generated by org.testng.reporters.JUnitReportReporter -->
<testsuite hostname="INLEN8520024218" failures="0" tests="1" name="StepDef.VerifyCreateSteps" time="3.596" errors="0" timestamp="2022-06-14T14:14:43 IST" skipped="0">
  <testcase classname="StepDef.VerifyCreateSteps" name="getMethod" time="3.596"/>
</testsuite> <!-- StepDef.VerifyCreateSteps -->
