<?xml version="1.0" encoding="UTF-8"?>
<!-- Generated by org.testng.reporters.JUnitReportReporter -->
<testsuite hostname="INLEN8520024218" failures="0" tests="1" name="test.VerifyLogin" time="0.012" errors="0" timestamp="2022-06-14T12:32:02 IST" skipped="0">
  <testcase classname="test.VerifyLogin" name="verifyClosingFeature" time="0.012"/>
</testsuite> <!-- test.VerifyLogin -->
