<?xml version="1.0" encoding="UTF-8"?>
<!-- Generated by org.testng.reporters.JUnitReportReporter -->
<testsuite hostname="INLEN8520024218" failures="0" tests="2" name="test.VerifyPostMethod" time="4.510" errors="0" timestamp="2022-06-14T13:56:33 IST" skipped="0">
  <testcase classname="test.VerifyPostMethod" name="getMethod" time="3.356"/>
  <testcase classname="test.VerifyPostMethod" name="TestPostMethod" time="1.154"/>
</testsuite> <!-- test.VerifyPostMethod -->
