<?xml version="1.0" encoding="UTF-8"?>
<!-- Generated by org.testng.reporters.JUnitReportReporter -->
<testsuite hostname="INLEN8520024218" failures="0" tests="1" name="StepDef.VerifyPostSteps" time="5.297" errors="0" timestamp="2022-06-14T13:53:32 IST" skipped="0">
  <testcase classname="StepDef.VerifyPostSteps" name="getMethod" time="5.297"/>
</testsuite> <!-- StepDef.VerifyPostSteps -->
