<?xml version="1.0" encoding="UTF-8"?>
<!-- Generated by org.testng.reporters.JUnitReportReporter -->
<testsuite hostname="INLEN8520024218" failures="0" tests="1" name="StepDef.VerifyGetSteps" time="3.565" errors="0" timestamp="2022-06-14T14:15:28 IST" skipped="0">
  <testcase classname="StepDef.VerifyGetSteps" name="getMethod" time="3.565"/>
</testsuite> <!-- StepDef.VerifyGetSteps -->
