<?xml version="1.0" encoding="UTF-8"?>
<!-- Generated by org.testng.reporters.JUnitReportReporter -->
<testsuite hostname="INLEN8520024218" failures="0" tests="2" name="test.VerifyDeleteMethod" time="3.535" errors="0" timestamp="2022-06-10T15:57:19 IST" skipped="0">
  <testcase classname="test.VerifyDeleteMethod" name="getMethod" time="2.407"/>
  <testcase classname="test.VerifyDeleteMethod" name="TestDeleteMethod" time="1.128"/>
</testsuite> <!-- test.VerifyDeleteMethod -->
